[     159ms] [LOG] [Fast Refresh] rebuilding @ http://localhost:3000/_next/static/chunks/0_sn_next_dist_0x1ko-n._.js:2431
[     906ms] [LOG] [Fast Refresh] done in 848ms @ http://localhost:3000/_next/static/chunks/0_sn_next_dist_0x1ko-n._.js:2431
[     933ms] [INFO] %cDownload the React DevTools for a better development experience: https://react.dev/link/react-devtools font-weight:bold @ http://localhost:3000/_next/static/chunks/0_sn_next_dist_0x1ko-n._.js:2431
[     947ms] [LOG] [HMR] connected @ http://localhost:3000/_next/static/chunks/0_sn_next_dist_0x1ko-n._.js:2431
[  170631ms] [LOG] [Fast Refresh] rebuilding @ http://localhost:3000/_next/static/chunks/0_sn_next_dist_0x1ko-n._.js:2431
[  170892ms] [LOG] [Fast Refresh] done in 60ms @ http://localhost:3000/_next/static/chunks/0_sn_next_dist_0x1ko-n._.js:2431
[  171002ms] [LOG] [Fast Refresh] rebuilding @ http://localhost:3000/_next/static/chunks/0_sn_next_dist_0x1ko-n._.js:2431
[  171012ms] [LOG] [Fast Refresh] done in 112ms @ http://localhost:3000/_next/static/chunks/0_sn_next_dist_0x1ko-n._.js:2431
[  171244ms] [LOG] [Fast Refresh] rebuilding @ http://localhost:3000/_next/static/chunks/0_sn_next_dist_0x1ko-n._.js:2431
[  171372ms] [LOG] [Fast Refresh] done in 229ms @ http://localhost:3000/_next/static/chunks/0_sn_next_dist_0x1ko-n._.js:2431
[  171555ms] [LOG] [Fast Refresh] rebuilding @ http://localhost:3000/_next/static/chunks/0_sn_next_dist_0x1ko-n._.js:2431
[  171637ms] [LOG] [Fast Refresh] done in 183ms @ http://localhost:3000/_next/static/chunks/0_sn_next_dist_0x1ko-n._.js:2431
[  174477ms] [LOG] [Fast Refresh] rebuilding @ http://localhost:3000/_next/static/chunks/0_sn_next_dist_0x1ko-n._.js:2431
[  174505ms] [LOG] [Fast Refresh] done in 28ms @ http://localhost:3000/_next/static/chunks/0_sn_next_dist_0x1ko-n._.js:2431
[  190052ms] [ERROR] WebSocket connection to 'ws://localhost:3000/_next/webpack-hmr?id=J6ylXVga3asuWYhIyHLDO' failed: Error in connection establishment: net::ERR_CONNECTION_REFUSED @ http://localhost:3000/_next/static/chunks/0_sn_next_dist_client_0k5187g._.js:13299
[  191197ms] [LOG] [HMR] connected @ http://localhost:3000/_next/static/chunks/0_sn_next_dist_0x1ko-n._.js:2431
[  191705ms] [INFO] %cDownload the React DevTools for a better development experience: https://react.dev/link/react-devtools font-weight:bold @ http://localhost:3000/_next/static/chunks/0_sn_next_dist_0x1ko-n._.js:2431
[  191725ms] [LOG] [HMR] connected @ http://localhost:3000/_next/static/chunks/0_sn_next_dist_0x1ko-n._.js:2431
[  195117ms] [WARNING] The resource http://localhost:3000/_next/static/media/2f13ad8e538108e0-s.p.0o52u8sd-fo14.woff2 was preloaded using link preload but not used within a few seconds from the window's load event. Please make sure it has an appropriate `as` value and it is preloaded intentionally. @ http://localhost:3000/form-b2:0
[  195118ms] [WARNING] The resource http://localhost:3000/_next/static/media/ac7770a3beffffd6-s.p.0rtxwh~xo.rst.woff2 was preloaded using link preload but not used within a few seconds from the window's load event. Please make sure it has an appropriate `as` value and it is preloaded intentionally. @ http://localhost:3000/form-b2:0
[  195118ms] [WARNING] The resource http://localhost:3000/_next/static/media/b3b0afff8ab38d95-s.p.0_6z8bw5fnpp2.woff2 was preloaded using link preload but not used within a few seconds from the window's load event. Please make sure it has an appropriate `as` value and it is preloaded intentionally. @ http://localhost:3000/form-b2:0
